movie app/Lab1Q2/app/build/intermediates/manifest_merge_blame_file/debug/manifest-merger-blame-debug-report.txt
1<?xml version="1.0" encoding="utf-8"?>
2<manifest xmlns:android="http://schemas.android.com/apk/res/android"
3    package="com.example.lab1q2"
4    android:versionCode="1"
5    android:versionName="1.0" >
6
7    <uses-sdk
8        android:minSdkVersion="24"
8-->src\main\AndroidManifest.xml
9        android:targetSdkVersion="32" />
9-->src\main\AndroidManifest.xml
10
11    <uses-permission android:name="android.permission.RECEIVE_SMS" />
11-->src\main\AndroidManifest.xml:5:5-70
11-->src\main\AndroidManifest.xml:5:22-67
12    <uses-permission android:name="android.permission.READ_SMS" />
12-->src\main\AndroidManifest.xml:6:5-67
12-->src\main\AndroidManifest.xml:6:22-64
13    <uses-permission android:name="android.permission.SEND_SMS" />
13-->src\main\AndroidManifest.xml:7:5-67
13-->src\main\AndroidManifest.xml:7:22-64
14    <uses-permission android:name="android.permission.WRITE_SMS" />
14-->src\main\AndroidManifest.xml:8:5-68
14-->src\main\AndroidManifest.xml:8:22-65
15
16    <!-- Although the *SdkVersion is captured in gradle build files, this is required for non gradle builds -->
17    <!-- <uses-sdk android:minSdkVersion="14"/> -->
18    <uses-permission android:name="android.permission.ACCESS_NETWORK_STATE" />
18-->[com.google.firebase:firebase-database:20.0.4] AndroidManifest.xml:25:5-79
18-->[com.google.firebase:firebase-database:20.0.4] AndroidManifest.xml:25:22-76
19    <uses-permission android:name="android.permission.INTERNET" />
19-->[com.google.firebase:firebase-database:20.0.4] AndroidManifest.xml:26:5-67
19-->[com.google.firebase:firebase-database:20.0.4] AndroidManifest.xml:26:22-64
20
21    <application
21-->src\main\AndroidManifest.xml:11:5-50:19
22        android:allowBackup="true"
22-->src\main\AndroidManifest.xml:12:9-35
23        android:appComponentFactory="androidx.core.app.CoreComponentFactory"
23-->[androidx.core:core:1.7.0] AndroidManifest.xml:24:18-86
24        android:debuggable="true"
25        android:extractNativeLibs="false"
26        android:icon="@mipmap/ic_launcher"
26-->src\main\AndroidManifest.xml:13:9-43
27        android:label="@string/app_name"
27-->src\main\AndroidManifest.xml:14:9-41
28        android:roundIcon="@mipmap/ic_launcher_round"
28-->src\main\AndroidManifest.xml:15:9-54
29        android:supportsRtl="true"
29-->src\main\AndroidManifest.xml:16:9-35
30        android:testOnly="true"
31        android:theme="@style/Theme.Lab1Q2" >
31-->src\main\AndroidManifest.xml:17:9-44
32
33        <!-- . means it takes the root -->
34        <provider
34-->src\main\AndroidManifest.xml:19:9-24:38
35            android:name="com.example.lab1q2.provider.MovieContentProvider"
35-->src\main\AndroidManifest.xml:21:13-58
36            android:authorities="fit2081.app.ARNAV"
36-->src\main\AndroidManifest.xml:22:13-52
37            android:enabled="true"
37-->src\main\AndroidManifest.xml:23:13-35
38            android:exported="true" />
38-->src\main\AndroidManifest.xml:24:13-36
39
40        <activity
40-->src\main\AndroidManifest.xml:26:9-28:39
41            android:name="com.example.lab1q2.RecyclerActivity"
41-->src\main\AndroidManifest.xml:27:13-45
42            android:exported="false" />
42-->src\main\AndroidManifest.xml:28:13-37
43
44        <receiver
44-->src\main\AndroidManifest.xml:30:9-38:20
45            android:name="com.example.lab1q2.SMSReceiver"
45-->src\main\AndroidManifest.xml:31:13-40
46            android:enabled="true"
46-->src\main\AndroidManifest.xml:32:13-35
47            android:exported="true"
47-->src\main\AndroidManifest.xml:33:13-36
48            android:permission="android.permission.BROADCAST_SMS" >
48-->src\main\AndroidManifest.xml:34:13-66
49            <intent-filter>
49-->src\main\AndroidManifest.xml:35:13-37:29
50                <action android:name="android.provider.Telephony.SMS_RECEIVED" />
50-->src\main\AndroidManifest.xml:36:17-82
50-->src\main\AndroidManifest.xml:36:25-79
51            </intent-filter>
52        </receiver>
53
54        <activity
54-->src\main\AndroidManifest.xml:40:9-49:20
55            android:name="com.example.lab1q2.MainActivity"
55-->src\main\AndroidManifest.xml:41:13-41
56            android:exported="true"
56-->src\main\AndroidManifest.xml:42:13-36
57            android:windowSoftInputMode="adjustNothing" >
57-->src\main\AndroidManifest.xml:43:13-56
58            <intent-filter>
58-->src\main\AndroidManifest.xml:44:13-48:29
59                <action android:name="android.intent.action.MAIN" />
59-->src\main\AndroidManifest.xml:45:17-69
59-->src\main\AndroidManifest.xml:45:25-66
60
61                <category android:name="android.intent.category.LAUNCHER" />
61-->src\main\AndroidManifest.xml:47:17-77
61-->src\main\AndroidManifest.xml:47:27-74
62            </intent-filter>
63        </activity>
64
65        <service
65-->[com.google.firebase:firebase-database:20.0.4] AndroidManifest.xml:29:9-35:19
66            android:name="com.google.firebase.components.ComponentDiscoveryService"
66-->[com.google.firebase:firebase-database:20.0.4] AndroidManifest.xml:30:13-84
67            android:directBootAware="true"
67-->[com.google.firebase:firebase-common:20.1.0] AndroidManifest.xml:35:13-43
68            android:exported="false" >
68-->[com.google.firebase:firebase-database:20.0.4] AndroidManifest.xml:31:13-37
69            <meta-data
69-->[com.google.firebase:firebase-database:20.0.4] AndroidManifest.xml:32:13-34:85
70                android:name="com.google.firebase.components:com.google.firebase.database.DatabaseRegistrar"
70-->[com.google.firebase:firebase-database:20.0.4] AndroidManifest.xml:33:17-109
71                android:value="com.google.firebase.components.ComponentRegistrar" />
71-->[com.google.firebase:firebase-database:20.0.4] AndroidManifest.xml:34:17-82
72        </service>
73        <service
73-->[androidx.room:room-runtime:2.5.0-alpha01] AndroidManifest.xml:26:9-30:63
74            android:name="androidx.room.MultiInstanceInvalidationService"
74-->[androidx.room:room-runtime:2.5.0-alpha01] AndroidManifest.xml:27:13-74
75            android:directBootAware="true"
75-->[androidx.room:room-runtime:2.5.0-alpha01] AndroidManifest.xml:28:13-43
76            android:exported="false" />
76-->[androidx.room:room-runtime:2.5.0-alpha01] AndroidManifest.xml:29:13-37
77
78        <provider
78-->[com.google.firebase:firebase-common:20.1.0] AndroidManifest.xml:26:9-31:39
79            android:name="com.google.firebase.provider.FirebaseInitProvider"
79-->[com.google.firebase:firebase-common:20.1.0] AndroidManifest.xml:27:13-77
80            android:authorities="com.example.lab1q2.firebaseinitprovider"
80-->[com.google.firebase:firebase-common:20.1.0] AndroidManifest.xml:28:13-72
81            android:directBootAware="true"
81-->[com.google.firebase:firebase-common:20.1.0] AndroidManifest.xml:29:13-43
82            android:exported="false"
82-->[com.google.firebase:firebase-common:20.1.0] AndroidManifest.xml:30:13-37
83            android:initOrder="100" />
83-->[com.google.firebase:firebase-common:20.1.0] AndroidManifest.xml:31:13-36
84
85        <activity
85-->[com.google.android.gms:play-services-base:18.0.1] AndroidManifest.xml:20:9-22:45
86            android:name="com.google.android.gms.common.api.GoogleApiActivity"
86-->[com.google.android.gms:play-services-base:18.0.1] AndroidManifest.xml:20:19-85
87            android:exported="false"
87-->[com.google.android.gms:play-services-base:18.0.1] AndroidManifest.xml:22:19-43
88            android:theme="@android:style/Theme.Translucent.NoTitleBar" />
88-->[com.google.android.gms:play-services-base:18.0.1] AndroidManifest.xml:21:19-78
89
90        <meta-data
90-->[com.google.android.gms:play-services-basement:18.0.0] AndroidManifest.xml:21:9-23:69
91            android:name="com.google.android.gms.version"
91-->[com.google.android.gms:play-services-basement:18.0.0] AndroidManifest.xml:22:13-58
92            android:value="@integer/google_play_services_version" />
92-->[com.google.android.gms:play-services-basement:18.0.0] AndroidManifest.xml:23:13-66
93
94        <provider
94-->[androidx.emoji2:emoji2:1.0.0] AndroidManifest.xml:26:9-34:20
95            android:name="androidx.startup.InitializationProvider"
95-->[androidx.emoji2:emoji2:1.0.0] AndroidManifest.xml:27:13-67
96            android:authorities="com.example.lab1q2.androidx-startup"
96-->[androidx.emoji2:emoji2:1.0.0] AndroidManifest.xml:28:13-68
97            android:exported="false" >
97-->[androidx.emoji2:emoji2:1.0.0] AndroidManifest.xml:29:13-37
98            <meta-data
98-->[androidx.emoji2:emoji2:1.0.0] AndroidManifest.xml:31:13-33:52
99                android:name="androidx.emoji2.text.EmojiCompatInitializer"
99-->[androidx.emoji2:emoji2:1.0.0] AndroidManifest.xml:32:17-75
100                android:value="androidx.startup" />
100-->[androidx.emoji2:emoji2:1.0.0] AndroidManifest.xml:33:17-49
101            <meta-data
101-->[androidx.lifecycle:lifecycle-process:2.4.0] AndroidManifest.xml:31:13-33:52
102                android:name="androidx.lifecycle.ProcessLifecycleInitializer"
102-->[androidx.lifecycle:lifecycle-process:2.4.0] AndroidManifest.xml:32:17-78
103                android:value="androidx.startup" />
103-->[androidx.lifecycle:lifecycle-process:2.4.0] AndroidManifest.xml:33:17-49
104        </provider>
105    </application>
106
107</manifest>